This file contains any messages produced by compilers while
running configure, to aid debugging if configure makes a mistake.

It was created by configure, which was
generated by GNU Autoconf 2.59.  Invocation command line was

  $ ./configure 

## --------- ##
## Platform. ##
## --------- ##

hostname = zxlas4x64.localdomain
uname -m = x86_64
uname -r = 2.6.9-78.EL
uname -s = Linux
uname -v = #1 Wed Jul 9 15:26:38 EDT 2008

/usr/bin/uname -p = unknown
/bin/uname -X     = unknown

/bin/arch              = x86_64
/usr/bin/arch -k       = unknown
/usr/convex/getsysinfo = unknown
hostinfo               = unknown
/bin/machine           = unknown
/usr/bin/oslevel       = unknown
/bin/universe          = unknown

PATH: /usr/kerberos/sbin
PATH: /usr/kerberos/bin
PATH: /usr/local/sbin
PATH: /usr/local/bin
PATH: /sbin
PATH: /bin
PATH: /usr/sbin
PATH: /usr/bin
PATH: /usr/X11R6/bin
PATH: /root/bin


## ----------- ##
## Core tests. ##
## ----------- ##

configure:1348: checking for a BSD-compatible install
configure:1403: result: /usr/bin/install -c
configure:1414: checking whether build environment is sane
configure:1457: result: yes
configure:1522: checking for gawk
configure:1538: found /bin/gawk
configure:1548: result: gawk
configure:1558: checking whether make sets $(MAKE)
configure:1578: result: yes
configure:1805: checking for g++
configure:1821: found /usr/bin/g++
configure:1831: result: g++
configure:1847: checking for C++ compiler version
configure:1850: g++ --version </dev/null >&5
g++ (GCC) 3.4.6 20060404 (Red Hat 3.4.6-10)
Copyright (C) 2006 Free Software Foundation, Inc.
This is free software; see the source for copying conditions.  There is NO
warranty; not even for MERCHANTABILITY or FITNESS FOR A PARTICULAR PURPOSE.

configure:1853: $? = 0
configure:1855: g++ -v </dev/null >&5
Reading specs from /usr/lib/gcc/x86_64-redhat-linux/3.4.6/specs
Configured with: ../configure --prefix=/usr --mandir=/usr/share/man --infodir=/usr/share/info --enable-shared --enable-threads=posix --disable-checking --with-system-zlib --enable-__cxa_atexit --disable-libunwind-exceptions --enable-java-awt=gtk --host=x86_64-redhat-linux
Thread model: posix
gcc version 3.4.6 20060404 (Red Hat 3.4.6-10)
configure:1858: $? = 0
configure:1860: g++ -V </dev/null >&5
g++: `-V' option must have argument
configure:1863: $? = 1
configure:1886: checking for C++ compiler default output file name
configure:1889: g++    conftest.cc  >&5
configure:1892: $? = 0
configure:1938: result: a.out
configure:1943: checking whether the C++ compiler works
configure:1949: ./a.out
configure:1952: $? = 0
configure:1969: result: yes
configure:1976: checking whether we are cross compiling
configure:1978: result: no
configure:1981: checking for suffix of executables
configure:1983: g++ -o conftest    conftest.cc  >&5
configure:1986: $? = 0
configure:2011: result: 
configure:2017: checking for suffix of object files
configure:2038: g++ -c   conftest.cc >&5
configure:2041: $? = 0
configure:2063: result: o
configure:2067: checking whether we are using the GNU C++ compiler
configure:2091: g++ -c   conftest.cc >&5
configure:2097: $? = 0
configure:2101: test -z 
			 || test ! -s conftest.err
configure:2104: $? = 0
configure:2107: test -s conftest.o
configure:2110: $? = 0
configure:2123: result: yes
configure:2129: checking whether g++ accepts -g
configure:2150: g++ -c -g  conftest.cc >&5
configure:2156: $? = 0
configure:2160: test -z 
			 || test ! -s conftest.err
configure:2163: $? = 0
configure:2166: test -s conftest.o
configure:2169: $? = 0
configure:2180: result: yes
configure:2222: g++ -c -g -O2  conftest.cc >&5
configure:2228: $? = 0
configure:2232: test -z 
			 || test ! -s conftest.err
configure:2235: $? = 0
configure:2238: test -s conftest.o
configure:2241: $? = 0
configure:2267: g++ -c -g -O2  conftest.cc >&5
conftest.cc: In function `int main()':
conftest.cc:15: error: `exit' was not declared in this scope
configure:2273: $? = 1
configure: failed program was:
| /* confdefs.h.  */
| 
| #define PACKAGE_NAME ""
| #define PACKAGE_TARNAME ""
| #define PACKAGE_VERSION ""
| #define PACKAGE_STRING ""
| #define PACKAGE_BUGREPORT ""
| #define PACKAGE "httpServer"
| #define VERSION "0.0.1"
| /* end confdefs.h.  */
| 
| int
| main ()
| {
| exit (42);
|   ;
|   return 0;
| }
configure:2222: g++ -c -g -O2  conftest.cc >&5
configure:2228: $? = 0
configure:2232: test -z 
			 || test ! -s conftest.err
configure:2235: $? = 0
configure:2238: test -s conftest.o
configure:2241: $? = 0
configure:2267: g++ -c -g -O2  conftest.cc >&5
configure:2273: $? = 0
configure:2277: test -z 
			 || test ! -s conftest.err
configure:2280: $? = 0
configure:2283: test -s conftest.o
configure:2286: $? = 0
configure:2320: checking for style of include used by make
configure:2348: result: GNU
configure:2376: checking dependency style of g++
configure:2466: result: gcc3
configure:2529: checking for gcc
configure:2545: found /usr/bin/gcc
configure:2555: result: gcc
configure:2799: checking for C compiler version
configure:2802: gcc --version </dev/null >&5
gcc (GCC) 3.4.6 20060404 (Red Hat 3.4.6-10)
Copyright (C) 2006 Free Software Foundation, Inc.
This is free software; see the source for copying conditions.  There is NO
warranty; not even for MERCHANTABILITY or FITNESS FOR A PARTICULAR PURPOSE.

configure:2805: $? = 0
configure:2807: gcc -v </dev/null >&5
Reading specs from /usr/lib/gcc/x86_64-redhat-linux/3.4.6/specs
Configured with: ../configure --prefix=/usr --mandir=/usr/share/man --infodir=/usr/share/info --enable-shared --enable-threads=posix --disable-checking --with-system-zlib --enable-__cxa_atexit --disable-libunwind-exceptions --enable-java-awt=gtk --host=x86_64-redhat-linux
Thread model: posix
gcc version 3.4.6 20060404 (Red Hat 3.4.6-10)
configure:2810: $? = 0
configure:2812: gcc -V </dev/null >&5
gcc: `-V' option must have argument
configure:2815: $? = 1
configure:2818: checking whether we are using the GNU C compiler
configure:2842: gcc -c   conftest.c >&5
configure:2848: $? = 0
configure:2852: test -z 
			 || test ! -s conftest.err
configure:2855: $? = 0
configure:2858: test -s conftest.o
configure:2861: $? = 0
configure:2874: result: yes
configure:2880: checking whether gcc accepts -g
configure:2901: gcc -c -g  conftest.c >&5
configure:2907: $? = 0
configure:2911: test -z 
			 || test ! -s conftest.err
configure:2914: $? = 0
configure:2917: test -s conftest.o
configure:2920: $? = 0
configure:2931: result: yes
configure:2948: checking for gcc option to accept ANSI C
configure:3018: gcc  -c -g -O2  conftest.c >&5
configure:3024: $? = 0
configure:3028: test -z 
			 || test ! -s conftest.err
configure:3031: $? = 0
configure:3034: test -s conftest.o
configure:3037: $? = 0
configure:3055: result: none needed
configure:3073: gcc -c -g -O2  conftest.c >&5
conftest.c:2: error: syntax error before "me"
configure:3079: $? = 1
configure: failed program was:
| #ifndef __cplusplus
|   choke me
| #endif
configure:3214: checking dependency style of gcc
configure:3304: result: gcc3
configure:3331: checking how to run the C preprocessor
configure:3366: gcc -E  conftest.c
configure:3372: $? = 0
configure:3404: gcc -E  conftest.c
conftest.c:14:28: ac_nonexistent.h: No such file or directory
configure:3410: $? = 1
configure: failed program was:
| /* confdefs.h.  */
| 
| #define PACKAGE_NAME ""
| #define PACKAGE_TARNAME ""
| #define PACKAGE_VERSION ""
| #define PACKAGE_STRING ""
| #define PACKAGE_BUGREPORT ""
| #define PACKAGE "httpServer"
| #define VERSION "0.0.1"
| #ifdef __cplusplus
| extern "C" void std::exit (int) throw (); using std::exit;
| #endif
| /* end confdefs.h.  */
| #include <ac_nonexistent.h>
configure:3449: result: gcc -E
configure:3473: gcc -E  conftest.c
configure:3479: $? = 0
configure:3511: gcc -E  conftest.c
conftest.c:14:28: ac_nonexistent.h: No such file or directory
configure:3517: $? = 1
configure: failed program was:
| /* confdefs.h.  */
| 
| #define PACKAGE_NAME ""
| #define PACKAGE_TARNAME ""
| #define PACKAGE_VERSION ""
| #define PACKAGE_STRING ""
| #define PACKAGE_BUGREPORT ""
| #define PACKAGE "httpServer"
| #define VERSION "0.0.1"
| #ifdef __cplusplus
| extern "C" void std::exit (int) throw (); using std::exit;
| #endif
| /* end confdefs.h.  */
| #include <ac_nonexistent.h>
configure:3561: checking for egrep
configure:3571: result: grep -E
configure:3576: checking for ANSI C header files
configure:3601: gcc -c -g -O2  conftest.c >&5
configure:3607: $? = 0
configure:3611: test -z 
			 || test ! -s conftest.err
configure:3614: $? = 0
configure:3617: test -s conftest.o
configure:3620: $? = 0
configure:3709: gcc -o conftest -g -O2   conftest.c  >&5
configure:3712: $? = 0
configure:3714: ./conftest
configure:3717: $? = 0
configure:3732: result: yes
configure:3742: checking for sys/wait.h that is POSIX.1 compatible
configure:3773: gcc -c -g -O2  conftest.c >&5
configure:3779: $? = 0
configure:3783: test -z 
			 || test ! -s conftest.err
configure:3786: $? = 0
configure:3789: test -s conftest.o
configure:3792: $? = 0
configure:3803: result: yes
configure:3827: checking for sys/types.h
configure:3843: gcc -c -g -O2  conftest.c >&5
configure:3849: $? = 0
configure:3853: test -z 
			 || test ! -s conftest.err
configure:3856: $? = 0
configure:3859: test -s conftest.o
configure:3862: $? = 0
configure:3873: result: yes
configure:3827: checking for sys/stat.h
configure:3843: gcc -c -g -O2  conftest.c >&5
configure:3849: $? = 0
configure:3853: test -z 
			 || test ! -s conftest.err
configure:3856: $? = 0
configure:3859: test -s conftest.o
configure:3862: $? = 0
configure:3873: result: yes
configure:3827: checking for stdlib.h
configure:3843: gcc -c -g -O2  conftest.c >&5
configure:3849: $? = 0
configure:3853: test -z 
			 || test ! -s conftest.err
configure:3856: $? = 0
configure:3859: test -s conftest.o
configure:3862: $? = 0
configure:3873: result: yes
configure:3827: checking for string.h
configure:3843: gcc -c -g -O2  conftest.c >&5
configure:3849: $? = 0
configure:3853: test -z 
			 || test ! -s conftest.err
configure:3856: $? = 0
configure:3859: test -s conftest.o
configure:3862: $? = 0
configure:3873: result: yes
configure:3827: checking for memory.h
configure:3843: gcc -c -g -O2  conftest.c >&5
configure:3849: $? = 0
configure:3853: test -z 
			 || test ! -s conftest.err
configure:3856: $? = 0
configure:3859: test -s conftest.o
configure:3862: $? = 0
configure:3873: result: yes
configure:3827: checking for strings.h
configure:3843: gcc -c -g -O2  conftest.c >&5
configure:3849: $? = 0
configure:3853: test -z 
			 || test ! -s conftest.err
configure:3856: $? = 0
configure:3859: test -s conftest.o
configure:3862: $? = 0
configure:3873: result: yes
configure:3827: checking for inttypes.h
configure:3843: gcc -c -g -O2  conftest.c >&5
configure:3849: $? = 0
configure:3853: test -z 
			 || test ! -s conftest.err
configure:3856: $? = 0
configure:3859: test -s conftest.o
configure:3862: $? = 0
configure:3873: result: yes
configure:3827: checking for stdint.h
configure:3843: gcc -c -g -O2  conftest.c >&5
configure:3849: $? = 0
configure:3853: test -z 
			 || test ! -s conftest.err
configure:3856: $? = 0
configure:3859: test -s conftest.o
configure:3862: $? = 0
configure:3873: result: yes
configure:3827: checking for unistd.h
configure:3843: gcc -c -g -O2  conftest.c >&5
configure:3849: $? = 0
configure:3853: test -z 
			 || test ! -s conftest.err
configure:3856: $? = 0
configure:3859: test -s conftest.o
configure:3862: $? = 0
configure:3873: result: yes
configure:3909: checking arpa/inet.h usability
configure:3921: gcc -c -g -O2  conftest.c >&5
configure:3927: $? = 0
configure:3931: test -z 
			 || test ! -s conftest.err
configure:3934: $? = 0
configure:3937: test -s conftest.o
configure:3940: $? = 0
configure:3950: result: yes
configure:3954: checking arpa/inet.h presence
configure:3964: gcc -E  conftest.c
configure:3970: $? = 0
configure:3990: result: yes
configure:4025: checking for arpa/inet.h
configure:4032: result: yes
configure:3909: checking fcntl.h usability
configure:3921: gcc -c -g -O2  conftest.c >&5
configure:3927: $? = 0
configure:3931: test -z 
			 || test ! -s conftest.err
configure:3934: $? = 0
configure:3937: test -s conftest.o
configure:3940: $? = 0
configure:3950: result: yes
configure:3954: checking fcntl.h presence
configure:3964: gcc -E  conftest.c
configure:3970: $? = 0
configure:3990: result: yes
configure:4025: checking for fcntl.h
configure:4032: result: yes
configure:3909: checking netinet/in.h usability
configure:3921: gcc -c -g -O2  conftest.c >&5
configure:3927: $? = 0
configure:3931: test -z 
			 || test ! -s conftest.err
configure:3934: $? = 0
configure:3937: test -s conftest.o
configure:3940: $? = 0
configure:3950: result: yes
configure:3954: checking netinet/in.h presence
configure:3964: gcc -E  conftest.c
configure:3970: $? = 0
configure:3990: result: yes
configure:4025: checking for netinet/in.h
configure:4032: result: yes
configure:3900: checking for stdlib.h
configure:3905: result: yes
configure:3900: checking for string.h
configure:3905: result: yes
configure:3909: checking sys/socket.h usability
configure:3921: gcc -c -g -O2  conftest.c >&5
configure:3927: $? = 0
configure:3931: test -z 
			 || test ! -s conftest.err
configure:3934: $? = 0
configure:3937: test -s conftest.o
configure:3940: $? = 0
configure:3950: result: yes
configure:3954: checking sys/socket.h presence
configure:3964: gcc -E  conftest.c
configure:3970: $? = 0
configure:3990: result: yes
configure:4025: checking for sys/socket.h
configure:4032: result: yes
configure:3900: checking for unistd.h
configure:3905: result: yes
configure:3909: checking semaphore.h usability
configure:3921: gcc -c -g -O2  conftest.c >&5
configure:3927: $? = 0
configure:3931: test -z 
			 || test ! -s conftest.err
configure:3934: $? = 0
configure:3937: test -s conftest.o
configure:3940: $? = 0
configure:3950: result: yes
configure:3954: checking semaphore.h presence
configure:3964: gcc -E  conftest.c
configure:3970: $? = 0
configure:3990: result: yes
configure:4025: checking for semaphore.h
configure:4032: result: yes
configure:3909: checking pthread.h usability
configure:3921: gcc -c -g -O2  conftest.c >&5
configure:3927: $? = 0
configure:3931: test -z 
			 || test ! -s conftest.err
configure:3934: $? = 0
configure:3937: test -s conftest.o
configure:3940: $? = 0
configure:3950: result: yes
configure:3954: checking pthread.h presence
configure:3964: gcc -E  conftest.c
configure:3970: $? = 0
configure:3990: result: yes
configure:4025: checking for pthread.h
configure:4032: result: yes
configure:3909: checking exception usability
configure:3921: gcc -c -g -O2  conftest.c >&5
conftest.c:68:21: exception: No such file or directory
configure:3927: $? = 1
configure: failed program was:
| /* confdefs.h.  */
| 
| #define PACKAGE_NAME ""
| #define PACKAGE_TARNAME ""
| #define PACKAGE_VERSION ""
| #define PACKAGE_STRING ""
| #define PACKAGE_BUGREPORT ""
| #define PACKAGE "httpServer"
| #define VERSION "0.0.1"
| #ifdef __cplusplus
| extern "C" void std::exit (int) throw (); using std::exit;
| #endif
| #define STDC_HEADERS 1
| #define HAVE_SYS_WAIT_H 1
| #define HAVE_SYS_TYPES_H 1
| #define HAVE_SYS_STAT_H 1
| #define HAVE_STDLIB_H 1
| #define HAVE_STRING_H 1
| #define HAVE_MEMORY_H 1
| #define HAVE_STRINGS_H 1
| #define HAVE_INTTYPES_H 1
| #define HAVE_STDINT_H 1
| #define HAVE_UNISTD_H 1
| #define HAVE_ARPA_INET_H 1
| #define HAVE_FCNTL_H 1
| #define HAVE_NETINET_IN_H 1
| #define HAVE_STDLIB_H 1
| #define HAVE_STRING_H 1
| #define HAVE_SYS_SOCKET_H 1
| #define HAVE_UNISTD_H 1
| #define HAVE_SEMAPHORE_H 1
| #define HAVE_PTHREAD_H 1
| /* end confdefs.h.  */
| #include <stdio.h>
| #if HAVE_SYS_TYPES_H
| # include <sys/types.h>
| #endif
| #if HAVE_SYS_STAT_H
| # include <sys/stat.h>
| #endif
| #if STDC_HEADERS
| # include <stdlib.h>
| # include <stddef.h>
| #else
| # if HAVE_STDLIB_H
| #  include <stdlib.h>
| # endif
| #endif
| #if HAVE_STRING_H
| # if !STDC_HEADERS && HAVE_MEMORY_H
| #  include <memory.h>
| # endif
| # include <string.h>
| #endif
| #if HAVE_STRINGS_H
| # include <strings.h>
| #endif
| #if HAVE_INTTYPES_H
| # include <inttypes.h>
| #else
| # if HAVE_STDINT_H
| #  include <stdint.h>
| # endif
| #endif
| #if HAVE_UNISTD_H
| # include <unistd.h>
| #endif
| #include <exception>
configure:3950: result: no
configure:3954: checking exception presence
configure:3964: gcc -E  conftest.c
conftest.c:34:21: exception: No such file or directory
configure:3970: $? = 1
configure: failed program was:
| /* confdefs.h.  */
| 
| #define PACKAGE_NAME ""
| #define PACKAGE_TARNAME ""
| #define PACKAGE_VERSION ""
| #define PACKAGE_STRING ""
| #define PACKAGE_BUGREPORT ""
| #define PACKAGE "httpServer"
| #define VERSION "0.0.1"
| #ifdef __cplusplus
| extern "C" void std::exit (int) throw (); using std::exit;
| #endif
| #define STDC_HEADERS 1
| #define HAVE_SYS_WAIT_H 1
| #define HAVE_SYS_TYPES_H 1
| #define HAVE_SYS_STAT_H 1
| #define HAVE_STDLIB_H 1
| #define HAVE_STRING_H 1
| #define HAVE_MEMORY_H 1
| #define HAVE_STRINGS_H 1
| #define HAVE_INTTYPES_H 1
| #define HAVE_STDINT_H 1
| #define HAVE_UNISTD_H 1
| #define HAVE_ARPA_INET_H 1
| #define HAVE_FCNTL_H 1
| #define HAVE_NETINET_IN_H 1
| #define HAVE_STDLIB_H 1
| #define HAVE_STRING_H 1
| #define HAVE_SYS_SOCKET_H 1
| #define HAVE_UNISTD_H 1
| #define HAVE_SEMAPHORE_H 1
| #define HAVE_PTHREAD_H 1
| /* end confdefs.h.  */
| #include <exception>
configure:3990: result: no
configure:4025: checking for exception
configure:4032: result: no
configure:3909: checking list usability
configure:3921: gcc -c -g -O2  conftest.c >&5
conftest.c:68:16: list: No such file or directory
configure:3927: $? = 1
configure: failed program was:
| /* confdefs.h.  */
| 
| #define PACKAGE_NAME ""
| #define PACKAGE_TARNAME ""
| #define PACKAGE_VERSION ""
| #define PACKAGE_STRING ""
| #define PACKAGE_BUGREPORT ""
| #define PACKAGE "httpServer"
| #define VERSION "0.0.1"
| #ifdef __cplusplus
| extern "C" void std::exit (int) throw (); using std::exit;
| #endif
| #define STDC_HEADERS 1
| #define HAVE_SYS_WAIT_H 1
| #define HAVE_SYS_TYPES_H 1
| #define HAVE_SYS_STAT_H 1
| #define HAVE_STDLIB_H 1
| #define HAVE_STRING_H 1
| #define HAVE_MEMORY_H 1
| #define HAVE_STRINGS_H 1
| #define HAVE_INTTYPES_H 1
| #define HAVE_STDINT_H 1
| #define HAVE_UNISTD_H 1
| #define HAVE_ARPA_INET_H 1
| #define HAVE_FCNTL_H 1
| #define HAVE_NETINET_IN_H 1
| #define HAVE_STDLIB_H 1
| #define HAVE_STRING_H 1
| #define HAVE_SYS_SOCKET_H 1
| #define HAVE_UNISTD_H 1
| #define HAVE_SEMAPHORE_H 1
| #define HAVE_PTHREAD_H 1
| /* end confdefs.h.  */
| #include <stdio.h>
| #if HAVE_SYS_TYPES_H
| # include <sys/types.h>
| #endif
| #if HAVE_SYS_STAT_H
| # include <sys/stat.h>
| #endif
| #if STDC_HEADERS
| # include <stdlib.h>
| # include <stddef.h>
| #else
| # if HAVE_STDLIB_H
| #  include <stdlib.h>
| # endif
| #endif
| #if HAVE_STRING_H
| # if !STDC_HEADERS && HAVE_MEMORY_H
| #  include <memory.h>
| # endif
| # include <string.h>
| #endif
| #if HAVE_STRINGS_H
| # include <strings.h>
| #endif
| #if HAVE_INTTYPES_H
| # include <inttypes.h>
| #else
| # if HAVE_STDINT_H
| #  include <stdint.h>
| # endif
| #endif
| #if HAVE_UNISTD_H
| # include <unistd.h>
| #endif
| #include <list>
configure:3950: result: no
configure:3954: checking list presence
configure:3964: gcc -E  conftest.c
conftest.c:34:16: list: No such file or directory
configure:3970: $? = 1
configure: failed program was:
| /* confdefs.h.  */
| 
| #define PACKAGE_NAME ""
| #define PACKAGE_TARNAME ""
| #define PACKAGE_VERSION ""
| #define PACKAGE_STRING ""
| #define PACKAGE_BUGREPORT ""
| #define PACKAGE "httpServer"
| #define VERSION "0.0.1"
| #ifdef __cplusplus
| extern "C" void std::exit (int) throw (); using std::exit;
| #endif
| #define STDC_HEADERS 1
| #define HAVE_SYS_WAIT_H 1
| #define HAVE_SYS_TYPES_H 1
| #define HAVE_SYS_STAT_H 1
| #define HAVE_STDLIB_H 1
| #define HAVE_STRING_H 1
| #define HAVE_MEMORY_H 1
| #define HAVE_STRINGS_H 1
| #define HAVE_INTTYPES_H 1
| #define HAVE_STDINT_H 1
| #define HAVE_UNISTD_H 1
| #define HAVE_ARPA_INET_H 1
| #define HAVE_FCNTL_H 1
| #define HAVE_NETINET_IN_H 1
| #define HAVE_STDLIB_H 1
| #define HAVE_STRING_H 1
| #define HAVE_SYS_SOCKET_H 1
| #define HAVE_UNISTD_H 1
| #define HAVE_SEMAPHORE_H 1
| #define HAVE_PTHREAD_H 1
| /* end confdefs.h.  */
| #include <list>
configure:3990: result: no
configure:4025: checking for list
configure:4032: result: no
configure:4047: checking for stdbool.h that conforms to C99
configure:4100: gcc -c -g -O2  conftest.c >&5
configure:4106: $? = 0
configure:4110: test -z 
			 || test ! -s conftest.err
configure:4113: $? = 0
configure:4116: test -s conftest.o
configure:4119: $? = 0
configure:4130: result: yes
configure:4132: checking for _Bool
configure:4156: gcc -c -g -O2  conftest.c >&5
configure:4162: $? = 0
configure:4166: test -z 
			 || test ! -s conftest.err
configure:4169: $? = 0
configure:4172: test -s conftest.o
configure:4175: $? = 0
configure:4186: result: yes
configure:4205: checking for an ANSI C-conforming const
configure:4272: gcc -c -g -O2  conftest.c >&5
configure:4278: $? = 0
configure:4282: test -z 
			 || test ! -s conftest.err
configure:4285: $? = 0
configure:4288: test -s conftest.o
configure:4291: $? = 0
configure:4302: result: yes
configure:4312: checking for pid_t
configure:4336: gcc -c -g -O2  conftest.c >&5
configure:4342: $? = 0
configure:4346: test -z 
			 || test ! -s conftest.err
configure:4349: $? = 0
configure:4352: test -s conftest.o
configure:4355: $? = 0
configure:4366: result: yes
configure:4380: checking for pthread_create in -lpthread
configure:4410: gcc -o conftest -g -O2   conftest.c -lpthread   >&5
configure:4416: $? = 0
configure:4420: test -z 
			 || test ! -s conftest.err
configure:4423: $? = 0
configure:4426: test -s conftest
configure:4429: $? = 0
configure:4442: result: yes
configure:4539: checking for library containing sem_init
configure:4569: gcc -o conftest -g -O2 -D_REENTRANT -D_POSIX_PTHREAD_SEMANTICS  -D_REENTRANT -D_POSIX_PTHREAD_SEMANTICS  conftest.c  -lpthread >&5
configure:4575: $? = 0
configure:4579: test -z 
			 || test ! -s conftest.err
configure:4582: $? = 0
configure:4585: test -s conftest
configure:4588: $? = 0
configure:4658: result: none required
configure:4678: checking for unistd.h
configure:4683: result: yes
configure:4687: checking vfork.h usability
configure:4699: gcc -c -g -O2 -D_REENTRANT -D_POSIX_PTHREAD_SEMANTICS  -D_REENTRANT -D_POSIX_PTHREAD_SEMANTICS conftest.c >&5
conftest.c:72:19: vfork.h: No such file or directory
configure:4705: $? = 1
configure: failed program was:
| /* confdefs.h.  */
| 
| #define PACKAGE_NAME ""
| #define PACKAGE_TARNAME ""
| #define PACKAGE_VERSION ""
| #define PACKAGE_STRING ""
| #define PACKAGE_BUGREPORT ""
| #define PACKAGE "httpServer"
| #define VERSION "0.0.1"
| #ifdef __cplusplus
| extern "C" void std::exit (int) throw (); using std::exit;
| #endif
| #define STDC_HEADERS 1
| #define HAVE_SYS_WAIT_H 1
| #define HAVE_SYS_TYPES_H 1
| #define HAVE_SYS_STAT_H 1
| #define HAVE_STDLIB_H 1
| #define HAVE_STRING_H 1
| #define HAVE_MEMORY_H 1
| #define HAVE_STRINGS_H 1
| #define HAVE_INTTYPES_H 1
| #define HAVE_STDINT_H 1
| #define HAVE_UNISTD_H 1
| #define HAVE_ARPA_INET_H 1
| #define HAVE_FCNTL_H 1
| #define HAVE_NETINET_IN_H 1
| #define HAVE_STDLIB_H 1
| #define HAVE_STRING_H 1
| #define HAVE_SYS_SOCKET_H 1
| #define HAVE_UNISTD_H 1
| #define HAVE_SEMAPHORE_H 1
| #define HAVE_PTHREAD_H 1
| #define HAVE__BOOL 1
| #define HAVE_STDBOOL_H 1
| #define HAVE_LIBPTHREAD 1
| #define HAVE_UNISTD_H 1
| /* end confdefs.h.  */
| #include <stdio.h>
| #if HAVE_SYS_TYPES_H
| # include <sys/types.h>
| #endif
| #if HAVE_SYS_STAT_H
| # include <sys/stat.h>
| #endif
| #if STDC_HEADERS
| # include <stdlib.h>
| # include <stddef.h>
| #else
| # if HAVE_STDLIB_H
| #  include <stdlib.h>
| # endif
| #endif
| #if HAVE_STRING_H
| # if !STDC_HEADERS && HAVE_MEMORY_H
| #  include <memory.h>
| # endif
| # include <string.h>
| #endif
| #if HAVE_STRINGS_H
| # include <strings.h>
| #endif
| #if HAVE_INTTYPES_H
| # include <inttypes.h>
| #else
| # if HAVE_STDINT_H
| #  include <stdint.h>
| # endif
| #endif
| #if HAVE_UNISTD_H
| # include <unistd.h>
| #endif
| #include <vfork.h>
configure:4728: result: no
configure:4732: checking vfork.h presence
configure:4742: gcc -E  -D_REENTRANT -D_POSIX_PTHREAD_SEMANTICS conftest.c
conftest.c:38:19: vfork.h: No such file or directory
configure:4748: $? = 1
configure: failed program was:
| /* confdefs.h.  */
| 
| #define PACKAGE_NAME ""
| #define PACKAGE_TARNAME ""
| #define PACKAGE_VERSION ""
| #define PACKAGE_STRING ""
| #define PACKAGE_BUGREPORT ""
| #define PACKAGE "httpServer"
| #define VERSION "0.0.1"
| #ifdef __cplusplus
| extern "C" void std::exit (int) throw (); using std::exit;
| #endif
| #define STDC_HEADERS 1
| #define HAVE_SYS_WAIT_H 1
| #define HAVE_SYS_TYPES_H 1
| #define HAVE_SYS_STAT_H 1
| #define HAVE_STDLIB_H 1
| #define HAVE_STRING_H 1
| #define HAVE_MEMORY_H 1
| #define HAVE_STRINGS_H 1
| #define HAVE_INTTYPES_H 1
| #define HAVE_STDINT_H 1
| #define HAVE_UNISTD_H 1
| #define HAVE_ARPA_INET_H 1
| #define HAVE_FCNTL_H 1
| #define HAVE_NETINET_IN_H 1
| #define HAVE_STDLIB_H 1
| #define HAVE_STRING_H 1
| #define HAVE_SYS_SOCKET_H 1
| #define HAVE_UNISTD_H 1
| #define HAVE_SEMAPHORE_H 1
| #define HAVE_PTHREAD_H 1
| #define HAVE__BOOL 1
| #define HAVE_STDBOOL_H 1
| #define HAVE_LIBPTHREAD 1
| #define HAVE_UNISTD_H 1
| /* end confdefs.h.  */
| #include <vfork.h>
configure:4768: result: no
configure:4803: checking for vfork.h
configure:4810: result: no
configure:4828: checking for fork
configure:4885: gcc -o conftest -g -O2 -D_REENTRANT -D_POSIX_PTHREAD_SEMANTICS  -D_REENTRANT -D_POSIX_PTHREAD_SEMANTICS  conftest.c  -lpthread >&5
configure:4891: $? = 0
configure:4895: test -z 
			 || test ! -s conftest.err
configure:4898: $? = 0
configure:4901: test -s conftest
configure:4904: $? = 0
configure:4916: result: yes
configure:4828: checking for vfork
configure:4885: gcc -o conftest -g -O2 -D_REENTRANT -D_POSIX_PTHREAD_SEMANTICS  -D_REENTRANT -D_POSIX_PTHREAD_SEMANTICS  conftest.c  -lpthread >&5
configure:4891: $? = 0
configure:4895: test -z 
			 || test ! -s conftest.err
configure:4898: $? = 0
configure:4901: test -s conftest
configure:4904: $? = 0
configure:4916: result: yes
configure:4927: checking for working fork
configure:4950: gcc -o conftest -g -O2 -D_REENTRANT -D_POSIX_PTHREAD_SEMANTICS  -D_REENTRANT -D_POSIX_PTHREAD_SEMANTICS  conftest.c  -lpthread >&5
configure:4953: $? = 0
configure:4955: ./conftest
configure:4958: $? = 0
configure:4972: result: yes
configure:4993: checking for working vfork
configure:5126: result: yes
configure:5163: checking for stdlib.h
configure:5168: result: yes
configure:5163: checking for unistd.h
configure:5168: result: yes
configure:5312: checking for getpagesize
configure:5369: gcc -o conftest -g -O2 -D_REENTRANT -D_POSIX_PTHREAD_SEMANTICS  -D_REENTRANT -D_POSIX_PTHREAD_SEMANTICS  conftest.c  -lpthread >&5
configure:5375: $? = 0
configure:5379: test -z 
			 || test ! -s conftest.err
configure:5382: $? = 0
configure:5385: test -s conftest
configure:5388: $? = 0
configure:5400: result: yes
configure:5410: checking for working mmap
configure:5552: gcc -o conftest -g -O2 -D_REENTRANT -D_POSIX_PTHREAD_SEMANTICS  -D_REENTRANT -D_POSIX_PTHREAD_SEMANTICS  conftest.c  -lpthread >&5
configure:5555: $? = 0
configure:5557: ./conftest
configure:5560: $? = 0
configure:5574: result: yes
configure:5585: checking return type of signal handlers
configure:5616: gcc -c -g -O2 -D_REENTRANT -D_POSIX_PTHREAD_SEMANTICS  -D_REENTRANT -D_POSIX_PTHREAD_SEMANTICS conftest.c >&5
configure:5622: $? = 0
configure:5626: test -z 
			 || test ! -s conftest.err
configure:5629: $? = 0
configure:5632: test -s conftest.o
configure:5635: $? = 0
configure:5646: result: void
configure:5654: checking whether lstat dereferences a symlink specified with a trailing slash
configure:5685: gcc -o conftest -g -O2 -D_REENTRANT -D_POSIX_PTHREAD_SEMANTICS  -D_REENTRANT -D_POSIX_PTHREAD_SEMANTICS  conftest.c  -lpthread >&5
configure:5688: $? = 0
configure:5690: ./conftest
configure:5693: $? = 0
configure:5714: result: yes
configure:5735: checking whether stat accepts an empty string
configure:5760: gcc -o conftest -g -O2 -D_REENTRANT -D_POSIX_PTHREAD_SEMANTICS  -D_REENTRANT -D_POSIX_PTHREAD_SEMANTICS  conftest.c  -lpthread >&5
configure:5763: $? = 0
configure:5765: ./conftest
configure:5768: $? = 1
configure: program exited with status 1
configure: failed program was:
| /* confdefs.h.  */
| 
| #define PACKAGE_NAME ""
| #define PACKAGE_TARNAME ""
| #define PACKAGE_VERSION ""
| #define PACKAGE_STRING ""
| #define PACKAGE_BUGREPORT ""
| #define PACKAGE "httpServer"
| #define VERSION "0.0.1"
| #ifdef __cplusplus
| extern "C" void std::exit (int) throw (); using std::exit;
| #endif
| #define STDC_HEADERS 1
| #define HAVE_SYS_WAIT_H 1
| #define HAVE_SYS_TYPES_H 1
| #define HAVE_SYS_STAT_H 1
| #define HAVE_STDLIB_H 1
| #define HAVE_STRING_H 1
| #define HAVE_MEMORY_H 1
| #define HAVE_STRINGS_H 1
| #define HAVE_INTTYPES_H 1
| #define HAVE_STDINT_H 1
| #define HAVE_UNISTD_H 1
| #define HAVE_ARPA_INET_H 1
| #define HAVE_FCNTL_H 1
| #define HAVE_NETINET_IN_H 1
| #define HAVE_STDLIB_H 1
| #define HAVE_STRING_H 1
| #define HAVE_SYS_SOCKET_H 1
| #define HAVE_UNISTD_H 1
| #define HAVE_SEMAPHORE_H 1
| #define HAVE_PTHREAD_H 1
| #define HAVE__BOOL 1
| #define HAVE_STDBOOL_H 1
| #define HAVE_LIBPTHREAD 1
| #define HAVE_UNISTD_H 1
| #define HAVE_FORK 1
| #define HAVE_VFORK 1
| #define HAVE_WORKING_VFORK 1
| #define HAVE_WORKING_FORK 1
| #define HAVE_STDLIB_H 1
| #define HAVE_UNISTD_H 1
| #define HAVE_GETPAGESIZE 1
| #define HAVE_MMAP 1
| #define RETSIGTYPE void
| #define LSTAT_FOLLOWS_SLASHED_SYMLINK 1
| /* end confdefs.h.  */
| #include <stdio.h>
| #if HAVE_SYS_TYPES_H
| # include <sys/types.h>
| #endif
| #if HAVE_SYS_STAT_H
| # include <sys/stat.h>
| #endif
| #if STDC_HEADERS
| # include <stdlib.h>
| # include <stddef.h>
| #else
| # if HAVE_STDLIB_H
| #  include <stdlib.h>
| # endif
| #endif
| #if HAVE_STRING_H
| # if !STDC_HEADERS && HAVE_MEMORY_H
| #  include <memory.h>
| # endif
| # include <string.h>
| #endif
| #if HAVE_STRINGS_H
| # include <strings.h>
| #endif
| #if HAVE_INTTYPES_H
| # include <inttypes.h>
| #else
| # if HAVE_STDINT_H
| #  include <stdint.h>
| # endif
| #endif
| #if HAVE_UNISTD_H
| # include <unistd.h>
| #endif
| int
| main ()
| {
| struct stat sbuf;
|   exit (stat ("", &sbuf) ? 1 : 0);
|   ;
|   return 0;
| }
configure:5782: result: no
configure:5812: checking for bzero
configure:5869: gcc -o conftest -g -O2 -D_REENTRANT -D_POSIX_PTHREAD_SEMANTICS  -D_REENTRANT -D_POSIX_PTHREAD_SEMANTICS  conftest.c  -lpthread >&5
conftest.c:72: warning: conflicting types for built-in function 'bzero'
configure:5875: $? = 0
configure:5879: test -z 
			 || test ! -s conftest.err
configure:5882: $? = 0
configure:5885: test -s conftest
configure:5888: $? = 0
configure:5900: result: yes
configure:5812: checking for memset
configure:5869: gcc -o conftest -g -O2 -D_REENTRANT -D_POSIX_PTHREAD_SEMANTICS  -D_REENTRANT -D_POSIX_PTHREAD_SEMANTICS  conftest.c  -lpthread >&5
conftest.c:73: warning: conflicting types for built-in function 'memset'
configure:5875: $? = 0
configure:5879: test -z 
			 || test ! -s conftest.err
configure:5882: $? = 0
configure:5885: test -s conftest
configure:5888: $? = 0
configure:5900: result: yes
configure:5812: checking for munmap
configure:5869: gcc -o conftest -g -O2 -D_REENTRANT -D_POSIX_PTHREAD_SEMANTICS  -D_REENTRANT -D_POSIX_PTHREAD_SEMANTICS  conftest.c  -lpthread >&5
configure:5875: $? = 0
configure:5879: test -z 
			 || test ! -s conftest.err
configure:5882: $? = 0
configure:5885: test -s conftest
configure:5888: $? = 0
configure:5900: result: yes
configure:5812: checking for socket
configure:5869: gcc -o conftest -g -O2 -D_REENTRANT -D_POSIX_PTHREAD_SEMANTICS  -D_REENTRANT -D_POSIX_PTHREAD_SEMANTICS  conftest.c  -lpthread >&5
configure:5875: $? = 0
configure:5879: test -z 
			 || test ! -s conftest.err
configure:5882: $? = 0
configure:5885: test -s conftest
configure:5888: $? = 0
configure:5900: result: yes
configure:5812: checking for strcasecmp
configure:5869: gcc -o conftest -g -O2 -D_REENTRANT -D_POSIX_PTHREAD_SEMANTICS  -D_REENTRANT -D_POSIX_PTHREAD_SEMANTICS  conftest.c  -lpthread >&5
configure:5875: $? = 0
configure:5879: test -z 
			 || test ! -s conftest.err
configure:5882: $? = 0
configure:5885: test -s conftest
configure:5888: $? = 0
configure:5900: result: yes
configure:5812: checking for strchr
configure:5869: gcc -o conftest -g -O2 -D_REENTRANT -D_POSIX_PTHREAD_SEMANTICS  -D_REENTRANT -D_POSIX_PTHREAD_SEMANTICS  conftest.c  -lpthread >&5
conftest.c:77: warning: conflicting types for built-in function 'strchr'
configure:5875: $? = 0
configure:5879: test -z 
			 || test ! -s conftest.err
configure:5882: $? = 0
configure:5885: test -s conftest
configure:5888: $? = 0
configure:5900: result: yes
configure:5812: checking for strncasecmp
configure:5869: gcc -o conftest -g -O2 -D_REENTRANT -D_POSIX_PTHREAD_SEMANTICS  -D_REENTRANT -D_POSIX_PTHREAD_SEMANTICS  conftest.c  -lpthread >&5
configure:5875: $? = 0
configure:5879: test -z 
			 || test ! -s conftest.err
configure:5882: $? = 0
configure:5885: test -s conftest
configure:5888: $? = 0
configure:5900: result: yes
configure:5812: checking for strpbrk
configure:5869: gcc -o conftest -g -O2 -D_REENTRANT -D_POSIX_PTHREAD_SEMANTICS  -D_REENTRANT -D_POSIX_PTHREAD_SEMANTICS  conftest.c  -lpthread >&5
conftest.c:79: warning: conflicting types for built-in function 'strpbrk'
configure:5875: $? = 0
configure:5879: test -z 
			 || test ! -s conftest.err
configure:5882: $? = 0
configure:5885: test -s conftest
configure:5888: $? = 0
configure:5900: result: yes
configure:5812: checking for strspn
configure:5869: gcc -o conftest -g -O2 -D_REENTRANT -D_POSIX_PTHREAD_SEMANTICS  -D_REENTRANT -D_POSIX_PTHREAD_SEMANTICS  conftest.c  -lpthread >&5
conftest.c:80: warning: conflicting types for built-in function 'strspn'
configure:5875: $? = 0
configure:5879: test -z 
			 || test ! -s conftest.err
configure:5882: $? = 0
configure:5885: test -s conftest
configure:5888: $? = 0
configure:5900: result: yes
configure:6028: creating ./config.status

## ---------------------- ##
## Running config.status. ##
## ---------------------- ##

This file was extended by config.status, which was
generated by GNU Autoconf 2.59.  Invocation command line was

  CONFIG_FILES    = 
  CONFIG_HEADERS  = 
  CONFIG_LINKS    = 
  CONFIG_COMMANDS = 
  $ ./config.status 

on zxlas4x64.localdomain

config.status:695: creating Makefile
config.status:799: creating config.h
config.status:1169: executing depfiles commands

## ---------------- ##
## Cache variables. ##
## ---------------- ##

ac_cv_c_compiler_gnu=yes
ac_cv_c_const=yes
ac_cv_cxx_compiler_gnu=yes
ac_cv_env_CC_set=
ac_cv_env_CC_value=
ac_cv_env_CFLAGS_set=
ac_cv_env_CFLAGS_value=
ac_cv_env_CPPFLAGS_set=
ac_cv_env_CPPFLAGS_value=
ac_cv_env_CPP_set=
ac_cv_env_CPP_value=
ac_cv_env_CXXFLAGS_set=
ac_cv_env_CXXFLAGS_value=
ac_cv_env_CXX_set=
ac_cv_env_CXX_value=
ac_cv_env_LDFLAGS_set=
ac_cv_env_LDFLAGS_value=
ac_cv_env_build_alias_set=
ac_cv_env_build_alias_value=
ac_cv_env_host_alias_set=
ac_cv_env_host_alias_value=
ac_cv_env_target_alias_set=
ac_cv_env_target_alias_value=
ac_cv_exeext=
ac_cv_func_bzero=yes
ac_cv_func_fork=yes
ac_cv_func_fork_works=yes
ac_cv_func_getpagesize=yes
ac_cv_func_lstat_dereferences_slashed_symlink=yes
ac_cv_func_memset=yes
ac_cv_func_mmap_fixed_mapped=yes
ac_cv_func_munmap=yes
ac_cv_func_socket=yes
ac_cv_func_stat_empty_string_bug=no
ac_cv_func_strcasecmp=yes
ac_cv_func_strchr=yes
ac_cv_func_strncasecmp=yes
ac_cv_func_strpbrk=yes
ac_cv_func_strspn=yes
ac_cv_func_vfork=yes
ac_cv_func_vfork_works=yes
ac_cv_header_arpa_inet_h=yes
ac_cv_header_exception=no
ac_cv_header_fcntl_h=yes
ac_cv_header_inttypes_h=yes
ac_cv_header_list=no
ac_cv_header_memory_h=yes
ac_cv_header_netinet_in_h=yes
ac_cv_header_pthread_h=yes
ac_cv_header_semaphore_h=yes
ac_cv_header_stdbool_h=yes
ac_cv_header_stdc=yes
ac_cv_header_stdint_h=yes
ac_cv_header_stdlib_h=yes
ac_cv_header_string_h=yes
ac_cv_header_strings_h=yes
ac_cv_header_sys_socket_h=yes
ac_cv_header_sys_stat_h=yes
ac_cv_header_sys_types_h=yes
ac_cv_header_sys_wait_h=yes
ac_cv_header_unistd_h=yes
ac_cv_header_vfork_h=no
ac_cv_lib_pthread_pthread_create=yes
ac_cv_objext=o
ac_cv_path_install='/usr/bin/install -c'
ac_cv_prog_AWK=gawk
ac_cv_prog_CPP='gcc -E'
ac_cv_prog_ac_ct_CC=gcc
ac_cv_prog_ac_ct_CXX=g++
ac_cv_prog_cc_g=yes
ac_cv_prog_cc_stdc=
ac_cv_prog_cxx_g=yes
ac_cv_prog_egrep='grep -E'
ac_cv_prog_make_make_set=yes
ac_cv_search_sem_init='none required'
ac_cv_type__Bool=yes
ac_cv_type_pid_t=yes
ac_cv_type_signal=void
am_cv_CC_dependencies_compiler_type=gcc3
am_cv_CXX_dependencies_compiler_type=gcc3

## ----------------- ##
## Output variables. ##
## ----------------- ##

ACLOCAL='${SHELL} /home/chgtest/httpserver/missing --run aclocal-1.9'
AMDEPBACKSLASH='\'
AMDEP_FALSE='#'
AMDEP_TRUE=''
AMTAR='${SHELL} /home/chgtest/httpserver/missing --run tar'
AUTOCONF='${SHELL} /home/chgtest/httpserver/missing --run autoconf'
AUTOHEADER='${SHELL} /home/chgtest/httpserver/missing --run autoheader'
AUTOMAKE='${SHELL} /home/chgtest/httpserver/missing --run automake-1.9'
AWK='gawk'
CC='gcc'
CCDEPMODE='depmode=gcc3'
CFLAGS='-g -O2 -D_REENTRANT -D_POSIX_PTHREAD_SEMANTICS'
CPP='gcc -E'
CPPFLAGS=' -D_REENTRANT -D_POSIX_PTHREAD_SEMANTICS'
CXX='g++'
CXXDEPMODE='depmode=gcc3'
CXXFLAGS='-g -O2'
CYGPATH_W='echo'
DEFS='-DHAVE_CONFIG_H'
DEPDIR='.deps'
ECHO_C=''
ECHO_N='-n'
ECHO_T=''
EGREP='grep -E'
EXEEXT=''
INSTALL_DATA='${INSTALL} -m 644'
INSTALL_PROGRAM='${INSTALL}'
INSTALL_SCRIPT='${INSTALL}'
INSTALL_STRIP_PROGRAM='${SHELL} $(install_sh) -c -s'
LDFLAGS=''
LIBOBJS=''
LIBS=' -lpthread'
LTLIBOBJS=''
MAKEINFO='${SHELL} /home/chgtest/httpserver/missing --run makeinfo'
OBJEXT='o'
PACKAGE='httpServer'
PACKAGE_BUGREPORT=''
PACKAGE_NAME=''
PACKAGE_STRING=''
PACKAGE_TARNAME=''
PACKAGE_VERSION=''
PATH_SEPARATOR=':'
SET_MAKE=''
SHELL='/bin/sh'
STRIP=''
VERSION='0.0.1'
ac_ct_CC='gcc'
ac_ct_CXX='g++'
ac_ct_STRIP=''
am__fastdepCC_FALSE='#'
am__fastdepCC_TRUE=''
am__fastdepCXX_FALSE='#'
am__fastdepCXX_TRUE=''
am__include='include'
am__leading_dot='.'
am__quote=''
am__tar='${AMTAR} chof - "$$tardir"'
am__untar='${AMTAR} xf -'
bindir='${exec_prefix}/bin'
build_alias=''
datadir='${prefix}/share'
exec_prefix='${prefix}'
host_alias=''
includedir='${prefix}/include'
infodir='${prefix}/info'
install_sh='/home/chgtest/httpserver/install-sh'
libdir='${exec_prefix}/lib'
libexecdir='${exec_prefix}/libexec'
localstatedir='${prefix}/var'
mandir='${prefix}/man'
mkdir_p='mkdir -p --'
oldincludedir='/usr/include'
prefix='/usr/local'
program_transform_name='s,x,x,'
sbindir='${exec_prefix}/sbin'
sharedstatedir='${prefix}/com'
sysconfdir='${prefix}/etc'
target_alias=''

## ----------- ##
## confdefs.h. ##
## ----------- ##

#define HAVE_ARPA_INET_H 1
#define HAVE_BZERO 1
#define HAVE_FCNTL_H 1
#define HAVE_FORK 1
#define HAVE_GETPAGESIZE 1
#define HAVE_INTTYPES_H 1
#define HAVE_LIBPTHREAD 1
#define HAVE_MEMORY_H 1
#define HAVE_MEMSET 1
#define HAVE_MMAP 1
#define HAVE_MUNMAP 1
#define HAVE_NETINET_IN_H 1
#define HAVE_PTHREAD_H 1
#define HAVE_SEMAPHORE_H 1
#define HAVE_SOCKET 1
#define HAVE_STDBOOL_H 1
#define HAVE_STDINT_H 1
#define HAVE_STDLIB_H 1
#define HAVE_STDLIB_H 1
#define HAVE_STDLIB_H 1
#define HAVE_STRCASECMP 1
#define HAVE_STRCHR 1
#define HAVE_STRINGS_H 1
#define HAVE_STRING_H 1
#define HAVE_STRING_H 1
#define HAVE_STRNCASECMP 1
#define HAVE_STRPBRK 1
#define HAVE_STRSPN 1
#define HAVE_SYS_SOCKET_H 1
#define HAVE_SYS_STAT_H 1
#define HAVE_SYS_TYPES_H 1
#define HAVE_SYS_WAIT_H 1
#define HAVE_UNISTD_H 1
#define HAVE_UNISTD_H 1
#define HAVE_UNISTD_H 1
#define HAVE_UNISTD_H 1
#define HAVE_VFORK 1
#define HAVE_WORKING_FORK 1
#define HAVE_WORKING_VFORK 1
#define HAVE__BOOL 1
#define LSTAT_FOLLOWS_SLASHED_SYMLINK 1
#define PACKAGE "httpServer"
#define PACKAGE_BUGREPORT ""
#define PACKAGE_NAME ""
#define PACKAGE_STRING ""
#define PACKAGE_TARNAME ""
#define PACKAGE_VERSION ""
#define RETSIGTYPE void
#define STDC_HEADERS 1
#define VERSION "0.0.1"
#endif
#ifdef __cplusplus
extern "C" void std::exit (int) throw (); using std::exit;

configure: exit 0
